Thu Apr 17 20:34:39 EST 2014 : Apache Derby Network Server - 10.9.1.0 - (1344872) started and ready to accept connections on port 1527
----------------------------------------------------------------
Thu Apr 17 20:34:39 EST 2014:
Booting Derby version The Apache Software Foundation - Apache Derby - 10.9.1.0 - (1344872): instance a816c00e-0145-6f40-a76e-00005ce6c575 
on database directory C:\Users\Di\Desktop\24117692\HotelBookingBroker\database\DBHotel1  with class loader sun.misc.Launcher$AppClassLoader@231bf785 
Loaded from file:/C:/glassfish4/javadb/lib/derby.jar
java.vendor=Oracle Corporation
java.runtime.version=1.7.0_51-b13
user.dir=C:\glassfish4\javadb
derby.system.home=C:\Users\Di\Desktop\24117692\HotelBookingBroker\database
Database Class Loader started - derby.database.classpath=''
----------------------------------------------------------------
Thu Apr 17 20:34:42 EST 2014:
Booting Derby version The Apache Software Foundation - Apache Derby - 10.9.1.0 - (1344872): instance 40a68025-0145-6f40-a76e-00005ce6c575 
on database directory C:\Users\Di\Desktop\24117692\HotelBookingBroker\database\DBHotel2  with class loader sun.misc.Launcher$AppClassLoader@231bf785 
Loaded from file:/C:/glassfish4/javadb/lib/derby.jar
java.vendor=Oracle Corporation
java.runtime.version=1.7.0_51-b13
user.dir=C:\glassfish4\javadb
derby.system.home=C:\Users\Di\Desktop\24117692\HotelBookingBroker\database
Database Class Loader started - derby.database.classpath=''
----------------------------------------------------------------
Thu Apr 17 20:34:44 EST 2014:
Booting Derby version The Apache Software Foundation - Apache Derby - 10.9.1.0 - (1344872): instance 19ba803c-0145-6f40-a76e-00005ce6c575 
on database directory C:\Users\Di\Desktop\24117692\HotelBookingBroker\database\DBHotel3  with class loader sun.misc.Launcher$AppClassLoader@231bf785 
Loaded from file:/C:/glassfish4/javadb/lib/derby.jar
java.vendor=Oracle Corporation
java.runtime.version=1.7.0_51-b13
user.dir=C:\glassfish4\javadb
derby.system.home=C:\Users\Di\Desktop\24117692\HotelBookingBroker\database
Database Class Loader started - derby.database.classpath=''
----------------------------------------------------------------
Thu Apr 17 20:41:12 EST 2014: Shutting down Derby engine
